[2026-02-05 02:06:49] obtenerDepartamentosPorPais - Filtro id_pais: '44'
[2026-02-05 02:06:49] obtenerDepartamentosPorPais - Resultados encontrados: 34
[2026-02-05 02:06:49] obtenerMunicipiosPorDepto - Filtro id_departamento: '4'
[2026-02-05 02:06:49] obtenerMunicipiosPorDepto - Resultados encontrados: 1
[2026-02-05 02:06:49] obtenerLocalidadesPorMunicipio - Filtro id_municipio: '149'
[2026-02-05 02:06:49] obtenerLocalidadesPorMunicipio - Resultados encontrados: 20
[2026-02-05 02:07:47] obtenerMunicipiosPorDepto - Filtro id_departamento: '12'
[2026-02-05 02:07:47] obtenerMunicipiosPorDepto - Resultados encontrados: 116
[2026-02-05 02:07:47] obtenerLocalidadesPorMunicipio - Filtro id_municipio: '459'
[2026-02-05 02:07:47] obtenerLocalidadesPorMunicipio - Resultados encontrados: 0
[2026-02-05 02:07:58] obtenerMunicipiosPorDepto - Filtro id_departamento: '9'
[2026-02-05 02:07:58] obtenerMunicipiosPorDepto - Resultados encontrados: 42
[2026-02-05 02:07:58] obtenerLocalidadesPorMunicipio - Filtro id_municipio: '362'
[2026-02-05 02:07:58] obtenerLocalidadesPorMunicipio - Resultados encontrados: 0
[2026-02-05 02:07:58] obtenerMunicipiosPorDepto - Filtro id_departamento: '25'
[2026-02-05 02:07:58] obtenerMunicipiosPorDepto - Resultados encontrados: 42
[2026-02-05 02:07:58] obtenerLocalidadesPorMunicipio - Filtro id_municipio: '1008'
[2026-02-05 02:07:58] obtenerLocalidadesPorMunicipio - Resultados encontrados: 0
[2026-02-05 02:08:16] obtenerLocalidadesPorMunicipio - Filtro id_municipio: '1048'
[2026-02-05 02:08:16] obtenerLocalidadesPorMunicipio - Resultados encontrados: 0
[2026-02-05 02:08:31] obtenerDepartamentosPorPais - Filtro id_pais: '44'
[2026-02-05 02:08:31] obtenerDepartamentosPorPais - Resultados encontrados: 34
[2026-02-05 02:08:31] obtenerMunicipiosPorDepto - Filtro id_departamento: '4'
[2026-02-05 02:08:31] obtenerMunicipiosPorDepto - Resultados encontrados: 1
[2026-02-05 02:08:31] obtenerLocalidadesPorMunicipio - Filtro id_municipio: '149'
[2026-02-05 02:08:31] obtenerLocalidadesPorMunicipio - Resultados encontrados: 20
[2026-02-05 02:09:30] obtenerDepartamentosPorPais - Filtro id_pais: '44'
[2026-02-05 02:09:30] obtenerDepartamentosPorPais - Resultados encontrados: 34
[2026-02-05 02:09:30] obtenerMunicipiosPorDepto - Filtro id_departamento: '4'
[2026-02-05 02:09:30] obtenerMunicipiosPorDepto - Resultados encontrados: 1
[2026-02-05 02:09:30] obtenerLocalidadesPorMunicipio - Filtro id_municipio: '149'
[2026-02-05 02:09:30] obtenerLocalidadesPorMunicipio - Resultados encontrados: 20
[2026-02-05 08:17:41] obtenerDepartamentosPorPais - Filtro id_pais: '44'
[2026-02-05 08:17:41] obtenerDepartamentosPorPais - Resultados encontrados: 34
[2026-02-05 08:17:41] obtenerMunicipiosPorDepto - Filtro id_departamento: '4'
[2026-02-05 08:17:41] obtenerMunicipiosPorDepto - Resultados encontrados: 1
[2026-02-05 08:17:41] obtenerLocalidadesPorMunicipio - Filtro id_municipio: '149'
[2026-02-05 08:17:41] obtenerLocalidadesPorMunicipio - Resultados encontrados: 20
[2026-02-05 08:17:47] obtenerDepartamentosPorPais - Filtro id_pais: '44'
[2026-02-05 08:17:47] obtenerDepartamentosPorPais - Resultados encontrados: 34
[2026-02-05 08:17:47] obtenerMunicipiosPorDepto - Filtro id_departamento: '4'
[2026-02-05 08:17:47] obtenerMunicipiosPorDepto - Resultados encontrados: 1
[2026-02-05 08:17:47] obtenerLocalidadesPorMunicipio - Filtro id_municipio: '149'
[2026-02-05 08:17:47] obtenerLocalidadesPorMunicipio - Resultados encontrados: 20
[2026-02-05 08:17:52] obtenerDepartamentosPorPais - Filtro id_pais: '44'
[2026-02-05 08:17:52] obtenerDepartamentosPorPais - Resultados encontrados: 34
[2026-02-05 08:17:52] obtenerMunicipiosPorDepto - Filtro id_departamento: '4'
[2026-02-05 08:17:52] obtenerMunicipiosPorDepto - Resultados encontrados: 1
[2026-02-05 08:17:52] obtenerLocalidadesPorMunicipio - Filtro id_municipio: '149'
[2026-02-05 08:17:52] obtenerLocalidadesPorMunicipio - Resultados encontrados: 20
[2026-02-05 08:18:38] obtenerMunicipiosPorDepto - Filtro id_departamento: '12'
[2026-02-05 08:18:38] obtenerMunicipiosPorDepto - Resultados encontrados: 116
[2026-02-05 08:18:38] obtenerLocalidadesPorMunicipio - Filtro id_municipio: '459'
[2026-02-05 08:18:38] obtenerLocalidadesPorMunicipio - Resultados encontrados: 0
[2026-02-05 08:18:50] obtenerLocalidadesPorMunicipio - Filtro id_municipio: '479'
[2026-02-05 08:18:50] obtenerLocalidadesPorMunicipio - Resultados encontrados: 0
[2026-02-05 09:47:23] obtenerMunicipiosPorDepto - Filtro id_departamento: '4'
[2026-02-05 09:47:23] obtenerMunicipiosPorDepto - Resultados encontrados: 1
[2026-02-05 09:47:23] obtenerLocalidadesPorMunicipio - Filtro id_municipio: '149'
[2026-02-05 09:47:23] obtenerLocalidadesPorMunicipio - Resultados encontrados: 20
[2026-02-05 09:47:36] obtenerDepartamentosPorPais - Filtro id_pais: '44'
[2026-02-05 09:47:36] obtenerDepartamentosPorPais - Resultados encontrados: 34
[2026-02-05 09:47:36] obtenerMunicipiosPorDepto - Filtro id_departamento: '4'
[2026-02-05 09:47:36] obtenerMunicipiosPorDepto - Resultados encontrados: 1
[2026-02-05 09:47:36] obtenerLocalidadesPorMunicipio - Filtro id_municipio: '149'
[2026-02-05 09:47:36] obtenerLocalidadesPorMunicipio - Resultados encontrados: 20
[2026-02-05 09:47:39] obtenerDepartamentosPorPais - Filtro id_pais: '44'
[2026-02-05 09:47:39] obtenerDepartamentosPorPais - Resultados encontrados: 34
[2026-02-05 09:47:39] obtenerMunicipiosPorDepto - Filtro id_departamento: '4'
[2026-02-05 09:47:39] obtenerMunicipiosPorDepto - Resultados encontrados: 1
[2026-02-05 09:47:39] obtenerLocalidadesPorMunicipio - Filtro id_municipio: '149'
[2026-02-05 09:47:39] obtenerLocalidadesPorMunicipio - Resultados encontrados: 20
[2026-02-05 09:50:26] obtenerDepartamentosPorPais - Filtro id_pais: '44'
[2026-02-05 09:50:26] obtenerDepartamentosPorPais - Resultados encontrados: 34
[2026-02-05 09:50:26] obtenerMunicipiosPorDepto - Filtro id_departamento: '4'
[2026-02-05 09:50:26] obtenerMunicipiosPorDepto - Resultados encontrados: 1
[2026-02-05 09:50:26] obtenerLocalidadesPorMunicipio - Filtro id_municipio: '149'
[2026-02-05 09:50:26] obtenerLocalidadesPorMunicipio - Resultados encontrados: 20
[2026-02-05 09:50:26] obtenerDepartamentosPorPais - Filtro id_pais: '44'
[2026-02-05 09:50:26] obtenerDepartamentosPorPais - Resultados encontrados: 34
[2026-02-05 09:50:26] obtenerMunicipiosPorDepto - Filtro id_departamento: '4'
[2026-02-05 09:50:26] obtenerMunicipiosPorDepto - Resultados encontrados: 1
[2026-02-05 09:50:26] obtenerLocalidadesPorMunicipio - Filtro id_municipio: '149'
[2026-02-05 09:50:26] obtenerLocalidadesPorMunicipio - Resultados encontrados: 20
[2026-02-05 09:50:37] obtenerDepartamentosPorPais - Filtro id_pais: '44'
[2026-02-05 09:50:37] obtenerDepartamentosPorPais - Resultados encontrados: 34
[2026-02-05 09:50:37] obtenerMunicipiosPorDepto - Filtro id_departamento: '4'
[2026-02-05 09:50:37] obtenerMunicipiosPorDepto - Resultados encontrados: 1
[2026-02-05 09:50:37] obtenerLocalidadesPorMunicipio - Filtro id_municipio: '149'
[2026-02-05 09:50:37] obtenerLocalidadesPorMunicipio - Resultados encontrados: 20
[2026-02-05 09:50:37] obtenerDepartamentosPorPais - Filtro id_pais: '44'
[2026-02-05 09:50:37] obtenerDepartamentosPorPais - Resultados encontrados: 34
[2026-02-05 09:50:37] obtenerMunicipiosPorDepto - Filtro id_departamento: '4'
[2026-02-05 09:50:37] obtenerMunicipiosPorDepto - Resultados encontrados: 1
[2026-02-05 09:50:37] obtenerLocalidadesPorMunicipio - Filtro id_municipio: '149'
[2026-02-05 09:50:37] obtenerLocalidadesPorMunicipio - Resultados encontrados: 20
[2026-02-05 09:50:54] obtenerDepartamentosPorPais - Filtro id_pais: '44'
[2026-02-05 09:50:54] obtenerDepartamentosPorPais - Resultados encontrados: 34
[2026-02-05 09:50:54] obtenerMunicipiosPorDepto - Filtro id_departamento: '4'
[2026-02-05 09:50:54] obtenerMunicipiosPorDepto - Resultados encontrados: 1
[2026-02-05 09:50:54] obtenerLocalidadesPorMunicipio - Filtro id_municipio: '149'
[2026-02-05 09:50:54] obtenerLocalidadesPorMunicipio - Resultados encontrados: 20
[2026-02-05 09:51:13] obtenerDepartamentosPorPais - Filtro id_pais: '44'
[2026-02-05 09:51:13] obtenerDepartamentosPorPais - Resultados encontrados: 34
[2026-02-05 09:51:13] obtenerMunicipiosPorDepto - Filtro id_departamento: '4'
[2026-02-05 09:51:13] obtenerMunicipiosPorDepto - Resultados encontrados: 1
[2026-02-05 09:51:13] obtenerLocalidadesPorMunicipio - Filtro id_municipio: '149'
[2026-02-05 09:51:13] obtenerLocalidadesPorMunicipio - Resultados encontrados: 20
[2026-02-05 09:57:57] obtenerDepartamentosPorPais - Filtro id_pais: '44'
[2026-02-05 09:57:57] obtenerDepartamentosPorPais - Resultados encontrados: 34
[2026-02-05 09:57:57] obtenerMunicipiosPorDepto - Filtro id_departamento: '4'
[2026-02-05 09:57:57] obtenerMunicipiosPorDepto - Resultados encontrados: 1
[2026-02-05 09:57:57] obtenerLocalidadesPorMunicipio - Filtro id_municipio: '149'
[2026-02-05 09:57:57] obtenerLocalidadesPorMunicipio - Resultados encontrados: 20
[2026-02-05 09:59:12] obtenerDepartamentosPorPais - Filtro id_pais: '44'
[2026-02-05 09:59:12] obtenerDepartamentosPorPais - Resultados encontrados: 34
[2026-02-05 09:59:12] obtenerMunicipiosPorDepto - Filtro id_departamento: '4'
[2026-02-05 09:59:12] obtenerMunicipiosPorDepto - Resultados encontrados: 1
[2026-02-05 09:59:12] obtenerLocalidadesPorMunicipio - Filtro id_municipio: '149'
[2026-02-05 09:59:12] obtenerLocalidadesPorMunicipio - Resultados encontrados: 20
[2026-02-05 10:18:57] obtenerDepartamentosPorPais - Filtro id_pais: '44'
[2026-02-05 10:18:57] obtenerDepartamentosPorPais - Resultados encontrados: 34
[2026-02-05 10:18:57] obtenerMunicipiosPorDepto - Filtro id_departamento: '4'
[2026-02-05 10:18:57] obtenerMunicipiosPorDepto - Resultados encontrados: 1
[2026-02-05 10:18:58] obtenerLocalidadesPorMunicipio - Filtro id_municipio: '149'
[2026-02-05 10:18:58] obtenerLocalidadesPorMunicipio - Resultados encontrados: 20
[2026-02-05 10:18:59] obtenerDepartamentosPorPais - Filtro id_pais: '44'
[2026-02-05 10:18:59] obtenerDepartamentosPorPais - Resultados encontrados: 34
[2026-02-05 10:18:59] obtenerMunicipiosPorDepto - Filtro id_departamento: '4'
[2026-02-05 10:18:59] obtenerMunicipiosPorDepto - Resultados encontrados: 1
[2026-02-05 10:18:59] obtenerLocalidadesPorMunicipio - Filtro id_municipio: '149'
[2026-02-05 10:18:59] obtenerLocalidadesPorMunicipio - Resultados encontrados: 20
[2026-02-05 10:25:25] obtenerDepartamentosPorPais - Filtro id_pais: '44'
[2026-02-05 10:25:25] obtenerDepartamentosPorPais - Resultados encontrados: 34
[2026-02-05 10:25:25] obtenerMunicipiosPorDepto - Filtro id_departamento: '4'
[2026-02-05 10:25:25] obtenerMunicipiosPorDepto - Resultados encontrados: 1
[2026-02-05 10:25:26] obtenerLocalidadesPorMunicipio - Filtro id_municipio: '149'
[2026-02-05 10:25:26] obtenerLocalidadesPorMunicipio - Resultados encontrados: 20
[2026-02-05 10:25:43] obtenerDepartamentosPorPais - Filtro id_pais: '44'
[2026-02-05 10:25:43] obtenerDepartamentosPorPais - Resultados encontrados: 34
[2026-02-05 10:25:43] obtenerMunicipiosPorDepto - Filtro id_departamento: '4'
[2026-02-05 10:25:43] obtenerMunicipiosPorDepto - Resultados encontrados: 1
[2026-02-05 10:25:43] obtenerLocalidadesPorMunicipio - Filtro id_municipio: '149'
[2026-02-05 10:25:43] obtenerLocalidadesPorMunicipio - Resultados encontrados: 20
[2026-02-05 10:26:01] obtenerDepartamentosPorPais - Filtro id_pais: '44'
[2026-02-05 10:26:01] obtenerDepartamentosPorPais - Resultados encontrados: 34
[2026-02-05 10:26:01] obtenerMunicipiosPorDepto - Filtro id_departamento: '4'
[2026-02-05 10:26:01] obtenerMunicipiosPorDepto - Resultados encontrados: 1
[2026-02-05 10:26:01] obtenerLocalidadesPorMunicipio - Filtro id_municipio: '149'
[2026-02-05 10:26:01] obtenerLocalidadesPorMunicipio - Resultados encontrados: 20
[2026-02-05 12:11:39] obtenerDepartamentosPorPais - Filtro id_pais: '44'
[2026-02-05 12:11:39] obtenerDepartamentosPorPais - Resultados encontrados: 34
[2026-02-05 12:11:39] obtenerMunicipiosPorDepto - Filtro id_departamento: '4'
[2026-02-05 12:11:39] obtenerMunicipiosPorDepto - Resultados encontrados: 1
[2026-02-05 12:11:39] obtenerLocalidadesPorMunicipio - Filtro id_municipio: '149'
[2026-02-05 12:11:39] obtenerLocalidadesPorMunicipio - Resultados encontrados: 20
[2026-02-05 12:17:36] obtenerDepartamentosPorPais - Filtro id_pais: '44'
[2026-02-05 12:17:36] obtenerDepartamentosPorPais - Resultados encontrados: 34
[2026-02-05 12:17:36] obtenerMunicipiosPorDepto - Filtro id_departamento: '4'
[2026-02-05 12:17:36] obtenerMunicipiosPorDepto - Resultados encontrados: 1
[2026-02-05 12:17:36] obtenerLocalidadesPorMunicipio - Filtro id_municipio: '149'
[2026-02-05 12:17:36] obtenerLocalidadesPorMunicipio - Resultados encontrados: 20
[2026-02-05 12:18:32] obtenerDepartamentosPorPais - Filtro id_pais: '44'
[2026-02-05 12:18:32] obtenerDepartamentosPorPais - Resultados encontrados: 34
[2026-02-05 12:18:32] obtenerMunicipiosPorDepto - Filtro id_departamento: '4'
[2026-02-05 12:18:32] obtenerMunicipiosPorDepto - Resultados encontrados: 1
[2026-02-05 12:18:33] obtenerLocalidadesPorMunicipio - Filtro id_municipio: '149'
[2026-02-05 12:18:33] obtenerLocalidadesPorMunicipio - Resultados encontrados: 20
[2026-02-05 12:18:34] obtenerDepartamentosPorPais - Filtro id_pais: '44'
[2026-02-05 12:18:34] obtenerDepartamentosPorPais - Resultados encontrados: 34
[2026-02-05 12:18:34] obtenerMunicipiosPorDepto - Filtro id_departamento: '4'
[2026-02-05 12:18:34] obtenerMunicipiosPorDepto - Resultados encontrados: 1
[2026-02-05 12:18:34] obtenerLocalidadesPorMunicipio - Filtro id_municipio: '149'
[2026-02-05 12:18:34] obtenerLocalidadesPorMunicipio - Resultados encontrados: 20
[2026-02-05 12:19:10] obtenerDepartamentosPorPais - Filtro id_pais: '44'
[2026-02-05 12:19:10] obtenerDepartamentosPorPais - Resultados encontrados: 34
[2026-02-05 12:19:10] obtenerMunicipiosPorDepto - Filtro id_departamento: '4'
[2026-02-05 12:19:10] obtenerMunicipiosPorDepto - Resultados encontrados: 1
[2026-02-05 12:19:10] obtenerLocalidadesPorMunicipio - Filtro id_municipio: '149'
[2026-02-05 12:19:10] obtenerLocalidadesPorMunicipio - Resultados encontrados: 20
[2026-02-05 12:27:00] obtenerDepartamentosPorPais - Filtro id_pais: '44'
[2026-02-05 12:27:00] obtenerDepartamentosPorPais - Resultados encontrados: 34
[2026-02-05 12:27:00] obtenerMunicipiosPorDepto - Filtro id_departamento: '4'
[2026-02-05 12:27:00] obtenerMunicipiosPorDepto - Resultados encontrados: 1
[2026-02-05 12:27:00] obtenerLocalidadesPorMunicipio - Filtro id_municipio: '149'
[2026-02-05 12:27:00] obtenerLocalidadesPorMunicipio - Resultados encontrados: 20
[2026-02-05 12:27:00] obtenerDepartamentosPorPais - Filtro id_pais: '44'
[2026-02-05 12:27:00] obtenerDepartamentosPorPais - Resultados encontrados: 34
[2026-02-05 12:27:00] obtenerMunicipiosPorDepto - Filtro id_departamento: '4'
[2026-02-05 12:27:00] obtenerMunicipiosPorDepto - Resultados encontrados: 1
[2026-02-05 12:27:00] obtenerLocalidadesPorMunicipio - Filtro id_municipio: '149'
[2026-02-05 12:27:00] obtenerLocalidadesPorMunicipio - Resultados encontrados: 20
[2026-02-05 12:28:09] obtenerDepartamentosPorPais - Filtro id_pais: '44'
[2026-02-05 12:28:09] obtenerDepartamentosPorPais - Resultados encontrados: 34
[2026-02-05 12:28:09] obtenerMunicipiosPorDepto - Filtro id_departamento: '4'
[2026-02-05 12:28:09] obtenerMunicipiosPorDepto - Resultados encontrados: 1
[2026-02-05 12:28:09] obtenerLocalidadesPorMunicipio - Filtro id_municipio: '149'
[2026-02-05 12:28:09] obtenerLocalidadesPorMunicipio - Resultados encontrados: 20
[2026-02-05 12:28:23] obtenerDepartamentosPorPais - Filtro id_pais: '44'
[2026-02-05 12:28:23] obtenerDepartamentosPorPais - Resultados encontrados: 34
[2026-02-05 12:28:23] obtenerMunicipiosPorDepto - Filtro id_departamento: '4'
[2026-02-05 12:28:23] obtenerMunicipiosPorDepto - Resultados encontrados: 1
[2026-02-05 12:28:23] obtenerLocalidadesPorMunicipio - Filtro id_municipio: '149'
[2026-02-05 12:28:23] obtenerLocalidadesPorMunicipio - Resultados encontrados: 20
[2026-02-05 12:28:48] obtenerDepartamentosPorPais - Filtro id_pais: '44'
[2026-02-05 12:28:48] obtenerDepartamentosPorPais - Resultados encontrados: 34
[2026-02-05 12:28:48] obtenerMunicipiosPorDepto - Filtro id_departamento: '4'
[2026-02-05 12:28:48] obtenerMunicipiosPorDepto - Resultados encontrados: 1
[2026-02-05 12:28:48] obtenerLocalidadesPorMunicipio - Filtro id_municipio: '149'
[2026-02-05 12:28:48] obtenerLocalidadesPorMunicipio - Resultados encontrados: 20
[2026-02-05 12:29:17] obtenerDepartamentosPorPais - Filtro id_pais: '44'
[2026-02-05 12:29:17] obtenerDepartamentosPorPais - Resultados encontrados: 34
[2026-02-05 12:29:17] obtenerMunicipiosPorDepto - Filtro id_departamento: '4'
[2026-02-05 12:29:17] obtenerMunicipiosPorDepto - Resultados encontrados: 1
[2026-02-05 12:29:17] obtenerLocalidadesPorMunicipio - Filtro id_municipio: '149'
[2026-02-05 12:29:17] obtenerLocalidadesPorMunicipio - Resultados encontrados: 20
[2026-02-05 13:16:56] obtenerDepartamentosPorPais - Filtro id_pais: '44'
[2026-02-05 13:16:56] obtenerDepartamentosPorPais - Resultados encontrados: 34
[2026-02-05 13:16:56] obtenerMunicipiosPorDepto - Filtro id_departamento: '4'
[2026-02-05 13:16:56] obtenerMunicipiosPorDepto - Resultados encontrados: 1
[2026-02-05 13:16:56] obtenerLocalidadesPorMunicipio - Filtro id_municipio: '149'
[2026-02-05 13:16:56] obtenerLocalidadesPorMunicipio - Resultados encontrados: 20
[2026-02-05 15:46:41] obtenerDepartamentosPorPais - Filtro id_pais: '44'
[2026-02-05 15:46:41] obtenerDepartamentosPorPais - Resultados encontrados: 34
[2026-02-05 15:46:41] obtenerMunicipiosPorDepto - Filtro id_departamento: '4'
[2026-02-05 15:46:41] obtenerMunicipiosPorDepto - Resultados encontrados: 1
[2026-02-05 15:46:41] obtenerLocalidadesPorMunicipio - Filtro id_municipio: '149'
[2026-02-05 15:46:41] obtenerLocalidadesPorMunicipio - Resultados encontrados: 20
[2026-02-05 15:48:19] obtenerDepartamentosPorPais - Filtro id_pais: '44'
[2026-02-05 15:48:19] obtenerDepartamentosPorPais - Resultados encontrados: 34
[2026-02-05 15:48:19] obtenerMunicipiosPorDepto - Filtro id_departamento: '4'
[2026-02-05 15:48:19] obtenerMunicipiosPorDepto - Resultados encontrados: 1
[2026-02-05 15:48:19] obtenerLocalidadesPorMunicipio - Filtro id_municipio: '149'
[2026-02-05 15:48:19] obtenerLocalidadesPorMunicipio - Resultados encontrados: 20
[2026-02-05 16:02:26] obtenerDepartamentosPorPais - Filtro id_pais: '44'
[2026-02-05 16:02:26] obtenerDepartamentosPorPais - Resultados encontrados: 34
[2026-02-05 16:02:26] obtenerMunicipiosPorDepto - Filtro id_departamento: '4'
[2026-02-05 16:02:26] obtenerMunicipiosPorDepto - Resultados encontrados: 1
[2026-02-05 16:02:26] obtenerLocalidadesPorMunicipio - Filtro id_municipio: '149'
[2026-02-05 16:02:26] obtenerLocalidadesPorMunicipio - Resultados encontrados: 20
[2026-02-05 20:48:53] obtenerDepartamentosPorPais - Filtro id_pais: '44'
[2026-02-05 20:48:53] obtenerDepartamentosPorPais - Resultados encontrados: 34
[2026-02-05 20:48:53] obtenerMunicipiosPorDepto - Filtro id_departamento: '4'
[2026-02-05 20:48:53] obtenerMunicipiosPorDepto - Resultados encontrados: 1
[2026-02-05 20:48:53] obtenerLocalidadesPorMunicipio - Filtro id_municipio: '149'
[2026-02-05 20:48:53] obtenerLocalidadesPorMunicipio - Resultados encontrados: 20
[2026-02-05 20:52:58] obtenerDepartamentosPorPais - Filtro id_pais: '44'
[2026-02-05 20:52:58] obtenerDepartamentosPorPais - Resultados encontrados: 34
[2026-02-05 20:52:58] obtenerMunicipiosPorDepto - Filtro id_departamento: '4'
[2026-02-05 20:52:58] obtenerMunicipiosPorDepto - Resultados encontrados: 1
[2026-02-05 20:52:58] obtenerLocalidadesPorMunicipio - Filtro id_municipio: '149'
[2026-02-05 20:52:58] obtenerLocalidadesPorMunicipio - Resultados encontrados: 20
[2026-02-05 21:20:22] obtenerDepartamentosPorPais - Filtro id_pais: '44'
[2026-02-05 21:20:22] obtenerDepartamentosPorPais - Resultados encontrados: 34
[2026-02-05 21:20:22] obtenerMunicipiosPorDepto - Filtro id_departamento: '4'
[2026-02-05 21:20:22] obtenerMunicipiosPorDepto - Resultados encontrados: 1
[2026-02-05 21:20:23] obtenerLocalidadesPorMunicipio - Filtro id_municipio: '149'
[2026-02-05 21:20:23] obtenerLocalidadesPorMunicipio - Resultados encontrados: 20
[2026-02-05 21:24:04] obtenerDepartamentosPorPais - Filtro id_pais: '44'
[2026-02-05 21:24:05] obtenerDepartamentosPorPais - Resultados encontrados: 34
[2026-02-05 21:24:05] obtenerMunicipiosPorDepto - Filtro id_departamento: '4'
[2026-02-05 21:24:05] obtenerMunicipiosPorDepto - Resultados encontrados: 1
[2026-02-05 21:24:05] obtenerLocalidadesPorMunicipio - Filtro id_municipio: '149'
[2026-02-05 21:24:05] obtenerLocalidadesPorMunicipio - Resultados encontrados: 20
[2026-02-05 23:47:19] obtenerDepartamentosPorPais - Filtro id_pais: '44'
[2026-02-05 23:47:19] obtenerDepartamentosPorPais - Resultados encontrados: 34
[2026-02-05 23:47:19] obtenerMunicipiosPorDepto - Filtro id_departamento: '4'
[2026-02-05 23:47:19] obtenerMunicipiosPorDepto - Resultados encontrados: 1
[2026-02-05 23:47:19] obtenerLocalidadesPorMunicipio - Filtro id_municipio: '149'
[2026-02-05 23:47:19] obtenerLocalidadesPorMunicipio - Resultados encontrados: 20
